<?xml version="1.0" encoding="UTF-8"?>
<!-- Generated by org.testng.reporters.JUnitReportReporter -->
<testsuite skipped="0" hostname="gb-lis-dev-003" name="com.applifashion.test.Task1" tests="2" failures="0" timestamp="2020-06-07T22:20:25 BST" time="23.968" errors="0">
  <testcase name="crossDeviceElementsTest1" time="13.448" classname="com.applifashion.test.Task1"/>
  <system-out/>
  <testcase name="crossDeviceElementsTest2" time="10.520" classname="com.applifashion.test.Task1"/>
  <system-out/>
</testsuite> <!-- com.applifashion.test.Task1 -->
