<?xml version="1.0" encoding="UTF-8"?>
<!-- Generated by org.testng.reporters.JUnitReportReporter -->
<testsuite skipped="0" hostname="gb-lis-dev-003" name="com.applifashion.test.Task3" tests="1" failures="0" timestamp="2020-06-07T22:20:25 BST" time="11.835" errors="0">
  <testcase name="productDetailsTest" time="11.835" classname="com.applifashion.test.Task3"/>
  <system-out/>
</testsuite> <!-- com.applifashion.test.Task3 -->
